<?xml version="1.0" encoding="utf-8"?><testsuites name="pytest tests"><testsuite name="pytest" errors="0" failures="0" skipped="0" tests="24" time="2.318" timestamp="2026-06-13T15:52:34.353896+00:00" hostname="agent-env-8ed8f4da-f7ac-4696-bb61-52c2670501b8"><testcase classname="backend.tests.test_fundraiser.TestStats" name="test_stats_shape" time="0.306" /><testcase classname="backend.tests.test_fundraiser.TestAdminAuth" name="test_verify_valid_token" time="0.246" /><testcase classname="backend.tests.test_fundraiser.TestAdminAuth" name="test_verify_invalid_token" time="0.029" /><testcase classname="backend.tests.test_fundraiser.TestAdminAuth" name="test_post_contributor_without_token" time="0.032" /><testcase classname="backend.tests.test_fundraiser.TestAdminAuth" name="test_delete_contributor_without_token" time="0.028" /><testcase classname="backend.tests.test_fundraiser.TestAdminAuth" name="test_delete_message_without_token" time="0.030" /><testcase classname="backend.tests.test_fundraiser.TestContributors" name="test_create_valid" time="0.252" /><testcase classname="backend.tests.test_fundraiser.TestContributors" name="test_create_no_note" time="0.032" /><testcase classname="backend.tests.test_fundraiser.TestContributors" name="test_invalid_empty_name" time="0.040" /><testcase classname="backend.tests.test_fundraiser.TestContributors" name="test_invalid_zero_amount" time="0.076" /><testcase classname="backend.tests.test_fundraiser.TestContributors" name="test_invalid_negative" time="0.078" /><testcase classname="backend.tests.test_fundraiser.TestContributors" name="test_invalid_over_max" time="0.039" /><testcase classname="backend.tests.test_fundraiser.TestContributors" name="test_list_public_sorted_desc" time="0.028" /><testcase classname="backend.tests.test_fundraiser.TestContributors" name="test_aggregation_matches" time="0.065" /><testcase classname="backend.tests.test_fundraiser.TestContributors" name="test_delete_contributor_with_token" time="0.170" /><testcase classname="backend.tests.test_fundraiser.TestContributors" name="test_delete_contributor_not_found" time="0.028" /><testcase classname="backend.tests.test_fundraiser.TestMessages" name="test_create_message_public" time="0.070" /><testcase classname="backend.tests.test_fundraiser.TestMessages" name="test_create_message_empty_name" time="0.027" /><testcase classname="backend.tests.test_fundraiser.TestMessages" name="test_create_message_empty_text" time="0.068" /><testcase classname="backend.tests.test_fundraiser.TestMessages" name="test_create_message_too_long" time="0.034" /><testcase classname="backend.tests.test_fundraiser.TestMessages" name="test_list_messages_sorted_desc" time="0.076" /><testcase classname="backend.tests.test_fundraiser.TestMessages" name="test_delete_message_with_token" time="0.105" /><testcase classname="backend.tests.test_fundraiser.TestMessages" name="test_delete_message_not_found" time="0.072" /><testcase classname="backend.tests.test_fundraiser.TestCleanup" name="test_cleanup_test_data" time="0.285" /></testsuite></testsuites>